[2025-09-11T15:19:51.115] [DEBUG] debug-file - env: nodejsVersion=v18.20.1
[2025-09-11T15:19:51.171] [DEBUG] debug-file - env: daemon=true
[2025-09-11T15:19:51.117] [DEBUG] debug-file - env: hvigor-config.json5 content = {
  modelVersion: '5.1.0',
  dependencies: {},
  execution: {},
  logging: {},
  debugging: {},
  nodeOptions: {}
}
[2025-09-11T15:19:51.967] [DEBUG] debug-file - java daemon tryConnect failed Error: connect ECONNREFUSED 127.0.0.1:45050
[2025-09-11T15:19:51.971] [DEBUG] debug-file - java daemon started at port 45050 pid 15196
[2025-09-11T15:19:52.008] [DEBUG] debug-file - session manager: set active socket. socketId=vDZ_ZOJyTwGRztd7AAAB
[2025-09-11T15:19:52.944] [DEBUG] debug-file - watch worker: worker id should be larger than 0. Nothing will be sent to any worker thread.
[2025-09-11T15:19:52.966] [DEBUG] debug-file - Hvigor init with startParameters:{
  hvigorfileTypeCheck: false,
  parallelExecution: true,
  incrementalExecution: true,
  printStackTrace: false,
  daemon: true,
  analyze: 0,
  logLevel: Level { level: 20000, levelStr: 'INFO', colour: 'green' },
  hotCompile: undefined,
  hotReloadBuild: undefined
}
[2025-09-11T15:19:52.968] [DEBUG] debug-file - Since current hvigor version 5.16.2-dev-rc.348 differs from last hvigor version 
      undefined, delete file-cache.json and task-cache.json.
[2025-09-11T15:19:52.969] [DEBUG] debug-file - Cache service initialization finished in 3 ms 
[2025-09-11T15:19:52.984] [DEBUG] debug-file - hvigorfile, resolving C:\Users\m00931569\DevEcoStudioProjects\Codelab_Popup\hvigorfile.ts
[2025-09-11T15:19:55.293] [DEBUG] debug-file - hvigorfile, require result:  { default: { plugins: [] } }
[2025-09-11T15:19:55.294] [DEBUG] debug-file - hvigorfile, binding system plugins null
[2025-09-11T15:19:55.498] [DEBUG] debug-file - Start initialize project's product build option map with build mode debug.
[2025-09-11T15:19:55.498] [DEBUG] debug-file - Picking option from product 'default' with build mode 'debug'.
[2025-09-11T15:19:55.499] [DEBUG] debug-file - Product 'default' build option: {}
[2025-09-11T15:19:55.499] [DEBUG] debug-file - End initialize project's product build option map with build mode 'debug'.
[2025-09-11T15:19:55.503] [DEBUG] debug-file - Product 'default' using build option: {
  "debuggable": true,
  "strictMode": {
    "caseSensitiveCheck": true,
    "useNormalizedOHMUrl": true
  }
} in this build.
[2025-09-11T15:19:55.504] [DEBUG] debug-file - not found resModel json file in : C:\Users\m00931569\DevEcoStudioProjects\Codelab_Popup\entry\src\ohosTest\module.json5
[2025-09-11T15:19:55.513] [DEBUG] debug-file - No signingConfig found, initRemoteHspCache failed.
[2025-09-11T15:19:55.517] [DEBUG] debug-file - Local scan or download HarmonyOS sdk components toolchains,ets,js,native,previewer
[2025-09-11T15:19:55.523] [DEBUG] debug-file - Local scan or download hmscore sdk components toolchains,ets,native
[2025-09-11T15:19:55.532] [DEBUG] debug-file - Start recording SDK configuration permission data.
[2025-09-11T15:19:55.570] [DEBUG] debug-file - Sdk init in 56 ms 
[2025-09-11T15:19:55.600] [DEBUG] debug-file - Project task initialization takes 29 ms 
[2025-09-11T15:19:55.601] [DEBUG] debug-file - hvigorfile, binding custom plugins []
[2025-09-11T15:19:55.601] [DEBUG] debug-file - hvigorfile, no custom plugins were found in C:\Users\m00931569\DevEcoStudioProjects\Codelab_Popup\hvigorfile.ts
[2025-09-11T15:19:55.601] [DEBUG] debug-file - hvigorfile, resolve finished C:\Users\m00931569\DevEcoStudioProjects\Codelab_Popup\hvigorfile.ts
[2025-09-11T15:19:55.611] [DEBUG] debug-file - hvigorfile, resolving C:\Users\m00931569\DevEcoStudioProjects\Codelab_Popup\entry\hvigorfile.ts
[2025-09-11T15:19:55.618] [DEBUG] debug-file - hvigorfile, require result:  { default: { plugins: [] } }
[2025-09-11T15:19:55.618] [DEBUG] debug-file - hvigorfile, binding system plugins null
[2025-09-11T15:19:55.634] [DEBUG] debug-file - Start initialize module-target build option map, moduleName=entry, buildMode=debug
[2025-09-11T15:19:55.635] [DEBUG] debug-file - Target 'default' config: {}
[2025-09-11T15:19:55.635] [DEBUG] debug-file - Target 'ohosTest' config: {}
[2025-09-11T15:19:55.636] [DEBUG] debug-file - Module 'entry' target 'default' build option: {
  "debuggable": true,
  "copyFrom": "default",
  "strictMode": {
    "caseSensitiveCheck": true,
    "useNormalizedOHMUrl": true
  },
  "name": "debug"
}
[2025-09-11T15:19:55.636] [DEBUG] debug-file - Module 'entry' target 'ohosTest' build option: {
  "debuggable": true,
  "strictMode": {
    "caseSensitiveCheck": true,
    "useNormalizedOHMUrl": true
  },
  "name": "default"
}
[2025-09-11T15:19:55.636] [DEBUG] debug-file - End initialize module-target build option map, moduleName=entry
[2025-09-11T15:19:55.636] [DEBUG] debug-file - Start initialize module-target build option map, moduleName=entry, buildMode=release
[2025-09-11T15:19:55.636] [DEBUG] debug-file - Target 'default' config: {}
[2025-09-11T15:19:55.637] [DEBUG] debug-file - Target 'ohosTest' config: {}
[2025-09-11T15:19:55.637] [DEBUG] debug-file - Module 'entry' target 'default' build option: {
  "debuggable": false,
  "copyFrom": "default",
  "strictMode": {
    "caseSensitiveCheck": true,
    "useNormalizedOHMUrl": true
  },
  "name": "release",
  "arkOptions": {
    "obfuscation": {
      "ruleOptions": {
        "enable": false,
        "files": [
          "./obfuscation-rules.txt"
        ]
      }
    }
  }
}
[2025-09-11T15:19:55.637] [DEBUG] debug-file - Module 'entry' target 'ohosTest' build option: {
  "debuggable": true,
  "strictMode": {
    "caseSensitiveCheck": true,
    "useNormalizedOHMUrl": true
  },
  "name": "default"
}
[2025-09-11T15:19:55.637] [DEBUG] debug-file - End initialize module-target build option map, moduleName=entry
[2025-09-11T15:19:55.637] [DEBUG] debug-file - Start initialize module-target build option map, moduleName=entry, buildMode=debug
[2025-09-11T15:19:55.637] [DEBUG] debug-file - Target 'default' config: {}
[2025-09-11T15:19:55.638] [DEBUG] debug-file - Target 'ohosTest' config: {}
[2025-09-11T15:19:55.638] [DEBUG] debug-file - Module 'entry' target 'default' build option: {
  "debuggable": true,
  "copyFrom": "default",
  "strictMode": {
    "caseSensitiveCheck": true,
    "useNormalizedOHMUrl": true
  },
  "name": "debug"
}
[2025-09-11T15:19:55.638] [DEBUG] debug-file - Module 'entry' target 'ohosTest' build option: {
  "debuggable": true,
  "strictMode": {
    "caseSensitiveCheck": true,
    "useNormalizedOHMUrl": true
  },
  "name": "default"
}
[2025-09-11T15:19:55.638] [DEBUG] debug-file - End initialize module-target build option map, moduleName=entry
[2025-09-11T15:19:55.639] [DEBUG] debug-file - Module 'entry' target 'default' using build option: {
  "debuggable": true,
  "copyFrom": "default",
  "strictMode": {
    "caseSensitiveCheck": true,
    "useNormalizedOHMUrl": true
  },
  "name": "debug"
} in this build.
[2025-09-11T15:19:55.648] [DEBUG] debug-file - Module entry task initialization takes 6 ms 
[2025-09-11T15:19:55.648] [DEBUG] debug-file - hvigorfile, binding custom plugins []
[2025-09-11T15:19:55.648] [DEBUG] debug-file - hvigorfile, no custom plugins were found in C:\Users\m00931569\DevEcoStudioProjects\Codelab_Popup\entry\hvigorfile.ts
[2025-09-11T15:19:55.649] [DEBUG] debug-file - hvigorfile, resolve finished C:\Users\m00931569\DevEcoStudioProjects\Codelab_Popup\entry\hvigorfile.ts
[2025-09-11T15:19:55.736] [DEBUG] debug-file - hvigorfile, resolve hvigorfile dependencies in 86 ms 
[2025-09-11T15:19:55.738] [DEBUG] debug-file - project has submodules:entry
[2025-09-11T15:19:55.741] [DEBUG] debug-file - start to load updatedOhPackageInfo to the disk
[2025-09-11T15:19:55.755] [DEBUG] debug-file - load to the disk finished
[2025-09-11T15:19:55.757] [DEBUG] debug-file - Start to initialize dependency information.
[2025-09-11T15:19:55.762] [WARN] debug-file - The current module 'Codelab_Popup' has dependency which is not installed at its oh-package.json5.
[2025-09-11T15:19:55.763] [WARN] debug-file - The current module 'Codelab_Popup' has dependency which is not installed at its oh-package.json5.
[2025-09-11T15:19:55.764] [DEBUG] debug-file - Module Codelab_Popup Collected Dependency: 
[2025-09-11T15:19:55.764] [DEBUG] debug-file - Module Codelab_Popup's total dependency: 0
[2025-09-11T15:19:55.766] [DEBUG] debug-file - Start to initialize dependency information.
[2025-09-11T15:19:55.773] [DEBUG] debug-file - Module entry Collected Dependency: 
[2025-09-11T15:19:55.773] [DEBUG] debug-file - Module entry's total dependency: 0
[2025-09-11T15:19:55.780] [DEBUG] debug-file - Configuration phase cost:2 s 805 ms 
[2025-09-11T15:19:55.783] [DEBUG] debug-file - Configuration task cost before running: 2 s 834 ms 
[2025-09-11T15:19:55.786] [DEBUG] debug-file - Executing task :entry:clean
[2025-09-11T15:19:55.786] [DEBUG] debug-file - clean: Worker pool is inactive.
[2025-09-11T15:19:55.790] [DEBUG] debug-file - entry : clean cost memory 0.18674468994140625
[2025-09-11T15:19:55.790] [DEBUG] debug-file - runTaskFromQueue task cost before running: 2 s 841 ms 
[2025-09-11T15:19:55.791] [INFO] debug-file - Finished :entry:clean... after 5 ms 
[2025-09-11T15:19:55.791] [DEBUG] debug-file - Executing task ::clean
[2025-09-11T15:19:55.791] [DEBUG] debug-file - clean: Worker pool is inactive.
[2025-09-11T15:19:55.792] [DEBUG] debug-file - Codelab_Popup : clean cost memory 0.04117584228515625
[2025-09-11T15:19:55.792] [DEBUG] debug-file - runTaskFromQueue task cost before running: 2 s 843 ms 
[2025-09-11T15:19:55.792] [INFO] debug-file - Finished ::clean... after 2 ms 
[2025-09-11T15:19:55.793] [DEBUG] debug-file - Executing task :entry:init
[2025-09-11T15:19:55.793] [DEBUG] debug-file - entry : init cost memory 0.016632080078125
[2025-09-11T15:19:55.793] [DEBUG] debug-file - runTaskFromQueue task cost before running: 2 s 844 ms 
[2025-09-11T15:19:55.793] [INFO] debug-file - Finished :entry:init... after 1 ms 
[2025-09-11T15:19:55.793] [DEBUG] debug-file - Executing task ::init
[2025-09-11T15:19:55.794] [DEBUG] debug-file - Codelab_Popup : init cost memory 0.01531982421875
[2025-09-11T15:19:55.794] [DEBUG] debug-file - runTaskFromQueue task cost before running: 2 s 844 ms 
[2025-09-11T15:19:55.794] [INFO] debug-file - Finished ::init... after 1 ms 
[2025-09-11T15:19:55.810] [DEBUG] debug-file - Module 'entry' target 'default' using build option: {
  "debuggable": true,
  "copyFrom": "default",
  "strictMode": {
    "caseSensitiveCheck": true,
    "useNormalizedOHMUrl": true
  },
  "name": "debug"
} in this build.
[2025-09-11T15:19:55.816] [DEBUG] debug-file - Module 'entry' target 'ohosTest' using build option: {
  "debuggable": true,
  "strictMode": {
    "caseSensitiveCheck": true,
    "useNormalizedOHMUrl": true
  },
  "name": "default"
} in this build.
[2025-09-11T15:19:55.828] [DEBUG] debug-file - session manager: send message to worker process.
[2025-09-11T15:19:55.828] [DEBUG] debug-file - session manager: send message to worker process.
[2025-09-11T15:19:55.994] [DEBUG] debug-file - Since there is no instance or instance is terminated, create a new worker pool.
[2025-09-11T15:19:55.994] [DEBUG] debug-file - Worker pool is initialized with config:  {
  minPoolNum: 2,
  maxPoolNum: undefined,
  maxCoreSize: undefined,
  cacheCapacity: undefined,
  cacheTtl: undefined
}
[2025-09-11T15:19:55.996] [DEBUG] debug-file - Create  resident worker with id: 0.
[2025-09-11T15:19:55.999] [DEBUG] debug-file - Create  resident worker with id: 1.
[2025-09-11T15:19:56.002] [DEBUG] debug-file - Cleanup worker 0.
[2025-09-11T15:19:56.002] [DEBUG] debug-file - Worker 0 has been cleaned up.
[2025-09-11T15:19:56.003] [DEBUG] debug-file - Current idle worker size: 1.
[2025-09-11T15:19:56.003] [DEBUG] debug-file - Current resident worker size: 2.
[2025-09-11T15:19:56.003] [DEBUG] debug-file - Cleanup worker 1.
[2025-09-11T15:19:56.003] [DEBUG] debug-file - Worker 1 has been cleaned up.
[2025-09-11T15:19:56.003] [DEBUG] debug-file - Current idle worker size: 0.
[2025-09-11T15:19:56.003] [DEBUG] debug-file - Current resident worker size: 2.
[2025-09-11T15:19:56.004] [DEBUG] debug-file - hvigor build process will be closed.
[2025-09-11T15:19:56.019] [DEBUG] debug-file - watch worker: worker id should be larger than 0. Nothing will be sent to any worker thread.
[2025-09-11T15:19:56.019] [DEBUG] debug-file - watch worker: worker id should be larger than 0. Nothing will be sent to any worker thread.
[2025-09-11T15:19:56.020] [DEBUG] debug-file - worker[0] exits with exit code 0.
[2025-09-11T15:19:56.021] [DEBUG] debug-file - worker[1] exits with exit code 0.
